  5.cpp
C:\Users\Strix\source\repos\7 semestr\MAandSCAT\onelabhub\5\5\5.cpp(26,24): warning C4267: инициализация: преобразование из "size_t" в "int"; возможна потеря данных
C:\Users\Strix\source\repos\7 semestr\MAandSCAT\onelabhub\5\5\5.cpp(32,24): warning C4267: инициализация: преобразование из "size_t" в "int"; возможна потеря данных
C:\Users\Strix\source\repos\7 semestr\MAandSCAT\onelabhub\5\5\5.cpp(53,25): warning C4267: инициализация: преобразование из "size_t" в "int"; возможна потеря данных
C:\Users\Strix\source\repos\7 semestr\MAandSCAT\onelabhub\5\5\5.cpp(75,33): error C2675: унарный "-": "const BigInteger" не определяет этот оператор или преобразование к типу приемлемо к встроенному оператору
C:\Program Files\Microsoft Visual Studio\2022\Community\VC\Tools\MSVC\14.36.32532\include\xutility(4237,30): message : может быть "unknown-type std::operator -(const std::move_iterator<_Iter> &,const std::move_iterator<_Iter2> &) noexcept(<expr>)"
C:\Program Files\Microsoft Visual Studio\2022\Community\VC\Tools\MSVC\14.36.32532\include\xutility(1563,5): message : или       "unknown-type std::operator -(const std::reverse_iterator<_BidIt> &,const std::reverse_iterator<_BidIt2> &) noexcept(<expr>)"
C:\Users\Strix\source\repos\7 semestr\MAandSCAT\onelabhub\5\5\5.cpp(75,33): error C2088: -: недопустимо для class
C:\Users\Strix\source\repos\7 semestr\MAandSCAT\onelabhub\5\5\5.cpp(78,33): error C2675: унарный "-": "const BigInteger" не определяет этот оператор или преобразование к типу приемлемо к встроенному оператору
C:\Program Files\Microsoft Visual Studio\2022\Community\VC\Tools\MSVC\14.36.32532\include\xutility(4237,30): message : может быть "unknown-type std::operator -(const std::move_iterator<_Iter> &,const std::move_iterator<_Iter2> &) noexcept(<expr>)"
C:\Program Files\Microsoft Visual Studio\2022\Community\VC\Tools\MSVC\14.36.32532\include\xutility(1563,5): message : или       "unknown-type std::operator -(const std::reverse_iterator<_BidIt> &,const std::reverse_iterator<_BidIt2> &) noexcept(<expr>)"
C:\Users\Strix\source\repos\7 semestr\MAandSCAT\onelabhub\5\5\5.cpp(78,33): error C2088: -: недопустимо для class
C:\Users\Strix\source\repos\7 semestr\MAandSCAT\onelabhub\5\5\5.cpp(94,29): warning C4244: =: преобразование "__int64" в "int", возможна потеря данных
C:\Users\Strix\source\repos\7 semestr\MAandSCAT\onelabhub\5\5\5.cpp(112,24): error C2676: бинарный "<=": "BigInteger" не определяет этот оператор или преобразование к типу приемлемо к встроенному оператору
C:\Program Files\Microsoft Visual Studio\2022\Community\VC\Tools\MSVC\14.36.32532\include\vector(2340,30): message : может быть "bool std::operator <=(const std::vector<_Ty,_Alloc> &,const std::vector<_Ty,_Alloc> &)"
C:\Users\Strix\source\repos\7 semestr\MAandSCAT\onelabhub\5\5\5.cpp(112,16): message : 'bool std::operator <=(const std::vector<_Ty,_Alloc> &,const std::vector<_Ty,_Alloc> &)': не удалось вывести аргумент шаблон для 'const std::vector<_Ty,_Alloc> &' из 'BigInteger'
C:\Program Files\Microsoft Visual Studio\2022\Community\VC\Tools\MSVC\14.36.32532\include\memory(3608,30): message : или       "bool std::operator <=(std::nullptr_t,const std::unique_ptr<_Ty,_Dx> &)"
C:\Users\Strix\source\repos\7 semestr\MAandSCAT\onelabhub\5\5\5.cpp(112,16): message : 'bool std::operator <=(std::nullptr_t,const std::unique_ptr<_Ty,_Dx> &)': не удалось вывести аргумент шаблон для 'const std::unique_ptr<_Ty,_Dx> &' из 'BigInteger'
C:\Program Files\Microsoft Visual Studio\2022\Community\VC\Tools\MSVC\14.36.32532\include\memory(3603,30): message : или       "bool std::operator <=(const std::unique_ptr<_Ty,_Dx> &,std::nullptr_t)"
C:\Users\Strix\source\repos\7 semestr\MAandSCAT\onelabhub\5\5\5.cpp(112,16): message : 'bool std::operator <=(const std::unique_ptr<_Ty,_Dx> &,std::nullptr_t)': не удалось вывести аргумент шаблон для 'const std::unique_ptr<_Ty,_Dx> &' из 'BigInteger'
C:\Program Files\Microsoft Visual Studio\2022\Community\VC\Tools\MSVC\14.36.32532\include\memory(3531,17): message : или       "bool std::operator <=(const std::unique_ptr<_Ty,_Dx> &,const std::unique_ptr<_Ty2,_Dx2> &)"
C:\Users\Strix\source\repos\7 semestr\MAandSCAT\onelabhub\5\5\5.cpp(112,16): message : 'bool std::operator <=(const std::unique_ptr<_Ty,_Dx> &,const std::unique_ptr<_Ty2,_Dx2> &)': не удалось вывести аргумент шаблон для 'const std::unique_ptr<_Ty,_Dx> &' из 'BigInteger'
C:\Program Files\Microsoft Visual Studio\2022\Community\VC\Tools\MSVC\14.36.32532\include\memory(1970,17): message : или       "bool std::operator <=(std::nullptr_t,const std::shared_ptr<_Ty> &) noexcept"
C:\Users\Strix\source\repos\7 semestr\MAandSCAT\onelabhub\5\5\5.cpp(112,16): message : 'bool std::operator <=(std::nullptr_t,const std::shared_ptr<_Ty> &) noexcept': не удалось вывести аргумент шаблон для 'const std::shared_ptr<_Ty> &' из 'BigInteger'
C:\Program Files\Microsoft Visual Studio\2022\Community\VC\Tools\MSVC\14.36.32532\include\memory(1965,17): message : или       "bool std::operator <=(const std::shared_ptr<_Ty> &,std::nullptr_t) noexcept"
C:\Users\Strix\source\repos\7 semestr\MAandSCAT\onelabhub\5\5\5.cpp(112,16): message : 'bool std::operator <=(const std::shared_ptr<_Ty> &,std::nullptr_t) noexcept': не удалось вывести аргумент шаблон для 'const std::shared_ptr<_Ty> &' из 'BigInteger'
C:\Program Files\Microsoft Visual Studio\2022\Community\VC\Tools\MSVC\14.36.32532\include\memory(1903,17): message : или       "bool std::operator <=(const std::shared_ptr<_Ty> &,const std::shared_ptr<_Ty0> &) noexcept"
C:\Users\Strix\source\repos\7 semestr\MAandSCAT\onelabhub\5\5\5.cpp(112,16): message : 'bool std::operator <=(const std::shared_ptr<_Ty> &,const std::shared_ptr<_Ty0> &) noexcept': не удалось вывести аргумент шаблон для 'const std::shared_ptr<_Ty> &' из 'BigInteger'
C:\Program Files\Microsoft Visual Studio\2022\Community\VC\Tools\MSVC\14.36.32532\include\xstring(5134,17): message : или       "bool std::operator <=(const std::basic_string<_Elem,_Traits,_Alloc> &,const _Elem *const )"
C:\Users\Strix\source\repos\7 semestr\MAandSCAT\onelabhub\5\5\5.cpp(112,16): message : 'bool std::operator <=(const std::basic_string<_Elem,_Traits,_Alloc> &,const _Elem *const )': не удалось вывести аргумент шаблон для 'const std::basic_string<_Elem,_Traits,_Alloc> &' из 'BigInteger'
C:\Program Files\Microsoft Visual Studio\2022\Community\VC\Tools\MSVC\14.36.32532\include\xstring(5129,17): message : или       "bool std::operator <=(const _Elem *const ,const std::basic_string<_Elem,_Traits,_Alloc> &)"
C:\Users\Strix\source\repos\7 semestr\MAandSCAT\onelabhub\5\5\5.cpp(112,16): message : 'bool std::operator <=(const _Elem *const ,const std::basic_string<_Elem,_Traits,_Alloc> &)': не удалось вывести аргумент шаблон для 'const _Elem *const ' из 'BigInteger'
C:\Program Files\Microsoft Visual Studio\2022\Community\VC\Tools\MSVC\14.36.32532\include\xstring(5123,17): message : или       "bool std::operator <=(const std::basic_string<_Elem,_Traits,_Alloc> &,const std::basic_string<_Elem,_Traits,_Alloc> &) noexcept"
C:\Users\Strix\source\repos\7 semestr\MAandSCAT\onelabhub\5\5\5.cpp(112,16): message : 'bool std::operator <=(const std::basic_string<_Elem,_Traits,_Alloc> &,const std::basic_string<_Elem,_Traits,_Alloc> &) noexcept': не удалось вывести аргумент шаблон для 'const std::basic_string<_Elem,_Traits,_Alloc> &' из 'BigInteger'
C:\Program Files\Microsoft Visual Studio\2022\Community\VC\Tools\MSVC\14.36.32532\include\xutility(4209,30): message : или       "bool std::operator <=(const std::move_iterator<_Iter> &,const std::move_iterator<_Iter2> &) noexcept(<expr>)"
C:\Users\Strix\source\repos\7 semestr\MAandSCAT\onelabhub\5\5\5.cpp(112,16): message : 'bool std::operator <=(const std::move_iterator<_Iter> &,const std::move_iterator<_Iter2> &) noexcept(<expr>)': не удалось вывести аргумент шаблон для 'const std::move_iterator<_Iter> &' из 'BigInteger'
C:\Program Files\Microsoft Visual Studio\2022\Community\VC\Tools\MSVC\14.36.32532\include\xutility(1524,5): message : или       "bool std::operator <=(const std::reverse_iterator<_BidIt> &,const std::reverse_iterator<_BidIt2> &) noexcept(<expr>)"
C:\Users\Strix\source\repos\7 semestr\MAandSCAT\onelabhub\5\5\5.cpp(112,16): message : 'bool std::operator <=(const std::reverse_iterator<_BidIt> &,const std::reverse_iterator<_BidIt2> &) noexcept(<expr>)': не удалось вывести аргумент шаблон для 'const std::reverse_iterator<_BidIt> &' из 'BigInteger'
C:\Program Files\Microsoft Visual Studio\2022\Community\VC\Tools\MSVC\14.36.32532\include\utility(516,27): message : или       "bool std::operator <=(const std::pair<_Ty1,_Ty2> &,const std::pair<_Ty1,_Ty2> &)"
C:\Users\Strix\source\repos\7 semestr\MAandSCAT\onelabhub\5\5\5.cpp(112,16): message : 'bool std::operator <=(const std::pair<_Ty1,_Ty2> &,const std::pair<_Ty1,_Ty2> &)': не удалось вывести аргумент шаблон для 'const std::pair<_Ty1,_Ty2> &' из 'BigInteger'
C:\Users\Strix\source\repos\7 semestr\MAandSCAT\onelabhub\5\5\5.cpp(115,31): error C2678: бинарный "<<": не найден оператор, принимающий левый операнд типа "BigInteger" (или приемлемое преобразование отсутствует)
C:\Users\Strix\source\repos\7 semestr\MAandSCAT\onelabhub\5\5\5.cpp(126,21): message : может быть "std::ostream &BigInteger::operator <<(std::ostream &,const BigInteger &)" [найдено при поиске с зависимостью от аргументов]
C:\Program Files\Microsoft Visual Studio\2022\Community\VC\Tools\MSVC\14.36.32532\include\ostream(1075,32): message : или       "std::basic_ostream<_Elem,_Traits> &std::operator <<(std::basic_ostream<_Elem,_Traits> &,const std::error_code &)"
C:\Users\Strix\source\repos\7 semestr\MAandSCAT\onelabhub\5\5\5.cpp(115,31): message : 'std::basic_ostream<_Elem,_Traits> &std::operator <<(std::basic_ostream<_Elem,_Traits> &,const std::error_code &)': не удалось вывести аргумент шаблон для 'std::basic_ostream<_Elem,_Traits> &' из 'BigInteger'
C:\Program Files\Microsoft Visual Studio\2022\Community\VC\Tools\MSVC\14.36.32532\include\ostream(998,9): message : или       "_Ostr &&std::operator <<(_Ostr &&,const _Ty &)"
C:\Users\Strix\source\repos\7 semestr\MAandSCAT\onelabhub\5\5\5.cpp(115,1): message : "_Ostr &&std::operator <<(_Ostr &&,const _Ty &)": не удается вывести аргумент шаблон для "__formal"
C:\Program Files\Microsoft Visual Studio\2022\Community\VC\Tools\MSVC\14.36.32532\include\ostream(940,31): message : или       "std::basic_ostream<char,_Traits> &std::operator <<(std::basic_ostream<char,_Traits> &,unsigned char)"
C:\Users\Strix\source\repos\7 semestr\MAandSCAT\onelabhub\5\5\5.cpp(115,31): message : 'std::basic_ostream<char,_Traits> &std::operator <<(std::basic_ostream<char,_Traits> &,unsigned char)': не удалось вывести аргумент шаблон для 'std::basic_ostream<char,_Traits> &' из 'BigInteger'
C:\Program Files\Microsoft Visual Studio\2022\Community\VC\Tools\MSVC\14.36.32532\include\ostream(934,31): message : или       "std::basic_ostream<char,_Traits> &std::operator <<(std::basic_ostream<char,_Traits> &,const unsigned char *)"
C:\Users\Strix\source\repos\7 semestr\MAandSCAT\onelabhub\5\5\5.cpp(115,31): message : 'std::basic_ostream<char,_Traits> &std::operator <<(std::basic_ostream<char,_Traits> &,const unsigned char *)': не удалось вывести аргумент шаблон для 'std::basic_ostream<char,_Traits> &' из 'BigInteger'
C:\Program Files\Microsoft Visual Studio\2022\Community\VC\Tools\MSVC\14.36.32532\include\ostream(929,31): message : или       "std::basic_ostream<char,_Traits> &std::operator <<(std::basic_ostream<char,_Traits> &,signed char)"
C:\Users\Strix\source\repos\7 semestr\MAandSCAT\onelabhub\5\5\5.cpp(115,31): message : 'std::basic_ostream<char,_Traits> &std::operator <<(std::basic_ostream<char,_Traits> &,signed char)': не удалось вывести аргумент шаблон для 'std::basic_ostream<char,_Traits> &' из 'BigInteger'
C:\Program Files\Microsoft Visual Studio\2022\Community\VC\Tools\MSVC\14.36.32532\include\ostream(923,31): message : или       "std::basic_ostream<char,_Traits> &std::operator <<(std::basic_ostream<char,_Traits> &,const signed char *)"
C:\Users\Strix\source\repos\7 semestr\MAandSCAT\onelabhub\5\5\5.cpp(115,31): message : 'std::basic_ostream<char,_Traits> &std::operator <<(std::basic_ostream<char,_Traits> &,const signed char *)': не удалось вывести аргумент шаблон для 'std::basic_ostream<char,_Traits> &' из 'BigInteger'
C:\Program Files\Microsoft Visual Studio\2022\Community\VC\Tools\MSVC\14.36.32532\include\ostream(887,32): message : или       "std::basic_ostream<_Elem,_Traits> &std::operator <<(std::basic_ostream<_Elem,_Traits> &,_Elem)"
C:\Users\Strix\source\repos\7 semestr\MAandSCAT\onelabhub\5\5\5.cpp(115,31): message : 'std::basic_ostream<_Elem,_Traits> &std::operator <<(std::basic_ostream<_Elem,_Traits> &,_Elem)': не удалось вывести аргумент шаблон для 'std::basic_ostream<_Elem,_Traits> &' из 'BigInteger'
C:\Program Files\Microsoft Visual Studio\2022\Community\VC\Tools\MSVC\14.36.32532\include\ostream(844,32): message : или       "std::basic_ostream<_Elem,_Traits> &std::operator <<(std::basic_ostream<_Elem,_Traits> &,const _Elem *)"
C:\Users\Strix\source\repos\7 semestr\MAandSCAT\onelabhub\5\5\5.cpp(115,31): message : 'std::basic_ostream<_Elem,_Traits> &std::operator <<(std::basic_ostream<_Elem,_Traits> &,const _Elem *)': не удалось вывести аргумент шаблон для 'std::basic_ostream<_Elem,_Traits> &' из 'BigInteger'
C:\Program Files\Microsoft Visual Studio\2022\Community\VC\Tools\MSVC\14.36.32532\include\ostream(806,31): message : или       "std::basic_ostream<char,_Traits> &std::operator <<(std::basic_ostream<char,_Traits> &,char)"
C:\Users\Strix\source\repos\7 semestr\MAandSCAT\onelabhub\5\5\5.cpp(115,31): message : 'std::basic_ostream<char,_Traits> &std::operator <<(std::basic_ostream<char,_Traits> &,char)': не удалось вывести аргумент шаблон для 'std::basic_ostream<char,_Traits> &' из 'BigInteger'
C:\Program Files\Microsoft Visual Studio\2022\Community\VC\Tools\MSVC\14.36.32532\include\ostream(761,31): message : или       "std::basic_ostream<char,_Traits> &std::operator <<(std::basic_ostream<char,_Traits> &,const char *)"
C:\Users\Strix\source\repos\7 semestr\MAandSCAT\onelabhub\5\5\5.cpp(115,31): message : 'std::basic_ostream<char,_Traits> &std::operator <<(std::basic_ostream<char,_Traits> &,const char *)': не удалось вывести аргумент шаблон для 'std::basic_ostream<char,_Traits> &' из 'BigInteger'
C:\Program Files\Microsoft Visual Studio\2022\Community\VC\Tools\MSVC\14.36.32532\include\ostream(725,32): message : или       "std::basic_ostream<_Elem,_Traits> &std::operator <<(std::basic_ostream<_Elem,_Traits> &,char)"
C:\Users\Strix\source\repos\7 semestr\MAandSCAT\onelabhub\5\5\5.cpp(115,31): message : 'std::basic_ostream<_Elem,_Traits> &std::operator <<(std::basic_ostream<_Elem,_Traits> &,char)': не удалось вывести аргумент шаблон для 'std::basic_ostream<_Elem,_Traits> &' из 'BigInteger'
C:\Program Files\Microsoft Visual Studio\2022\Community\VC\Tools\MSVC\14.36.32532\include\ostream(681,32): message : или       "std::basic_ostream<_Elem,_Traits> &std::operator <<(std::basic_ostream<_Elem,_Traits> &,const char *)"
C:\Users\Strix\source\repos\7 semestr\MAandSCAT\onelabhub\5\5\5.cpp(115,31): message : 'std::basic_ostream<_Elem,_Traits> &std::operator <<(std::basic_ostream<_Elem,_Traits> &,const char *)': не удалось вывести аргумент шаблон для 'std::basic_ostream<_Elem,_Traits> &' из 'BigInteger'
C:\Program Files\Microsoft Visual Studio\2022\Community\VC\Tools\MSVC\14.36.32532\include\memory(3629,32): message : или       "std::basic_ostream<_Elem,_Traits> &std::operator <<(std::basic_ostream<_Elem,_Traits> &,const std::unique_ptr<_Ty2,_Dx2> &)"
C:\Users\Strix\source\repos\7 semestr\MAandSCAT\onelabhub\5\5\5.cpp(115,31): message : 'std::basic_ostream<_Elem,_Traits> &std::operator <<(std::basic_ostream<_Elem,_Traits> &,const std::unique_ptr<_Ty2,_Dx2> &)': не удалось вывести аргумент шаблон для 'std::basic_ostream<_Elem,_Traits> &' из 'BigInteger'
C:\Program Files\Microsoft Visual Studio\2022\Community\VC\Tools\MSVC\14.36.32532\include\memory(1976,32): message : или       "std::basic_ostream<_Elem,_Traits> &std::operator <<(std::basic_ostream<_Elem,_Traits> &,const std::shared_ptr<_Ty> &)"
C:\Users\Strix\source\repos\7 semestr\MAandSCAT\onelabhub\5\5\5.cpp(115,31): message : 'std::basic_ostream<_Elem,_Traits> &std::operator <<(std::basic_ostream<_Elem,_Traits> &,const std::shared_ptr<_Ty> &)': не удалось вывести аргумент шаблон для 'std::basic_ostream<_Elem,_Traits> &' из 'BigInteger'
C:\Program Files\Microsoft Visual Studio\2022\Community\VC\Tools\MSVC\14.36.32532\include\xstring(5221,32): message : или       "std::basic_ostream<_Elem,_Traits> &std::operator <<(std::basic_ostream<_Elem,_Traits> &,const std::basic_string<_Elem,_Traits,_Alloc> &)"
C:\Users\Strix\source\repos\7 semestr\MAandSCAT\onelabhub\5\5\5.cpp(115,31): message : 'std::basic_ostream<_Elem,_Traits> &std::operator <<(std::basic_ostream<_Elem,_Traits> &,const std::basic_string<_Elem,_Traits,_Alloc> &)': не удалось вывести аргумент шаблон для 'std::basic_ostream<_Elem,_Traits> &' из 'BigInteger'
C:\Users\Strix\source\repos\7 semestr\MAandSCAT\onelabhub\5\5\5.cpp(115,31): message : при попытке сопоставить список аргументов "(BigInteger, int)"
C:\Users\Strix\source\repos\7 semestr\MAandSCAT\onelabhub\5\5\5.cpp(116,22): error C2676: бинарный "<<=": "BigInteger" не определяет этот оператор или преобразование к типу приемлемо к встроенному оператору
C:\Users\Strix\source\repos\7 semestr\MAandSCAT\onelabhub\5\5\5.cpp(119,29): error C2676: бинарный "-": "BigInteger" не определяет этот оператор или преобразование к типу приемлемо к встроенному оператору
C:\Program Files\Microsoft Visual Studio\2022\Community\VC\Tools\MSVC\14.36.32532\include\xutility(4237,30): message : может быть "unknown-type std::operator -(const std::move_iterator<_Iter> &,const std::move_iterator<_Iter2> &) noexcept(<expr>)"
C:\Users\Strix\source\repos\7 semestr\MAandSCAT\onelabhub\5\5\5.cpp(119,22): message : 'unknown-type std::operator -(const std::move_iterator<_Iter> &,const std::move_iterator<_Iter2> &) noexcept(<expr>)': не удалось вывести аргумент шаблон для 'const std::move_iterator<_Iter> &' из 'BigInteger'
C:\Program Files\Microsoft Visual Studio\2022\Community\VC\Tools\MSVC\14.36.32532\include\xutility(1563,5): message : или       "unknown-type std::operator -(const std::reverse_iterator<_BidIt> &,const std::reverse_iterator<_BidIt2> &) noexcept(<expr>)"
C:\Users\Strix\source\repos\7 semestr\MAandSCAT\onelabhub\5\5\5.cpp(119,22): message : 'unknown-type std::operator -(const std::reverse_iterator<_BidIt> &,const std::reverse_iterator<_BidIt2> &) noexcept(<expr>)': не удалось вывести аргумент шаблон для 'const std::reverse_iterator<_BidIt> &' из 'BigInteger'
C:\Users\Strix\source\repos\7 semestr\MAandSCAT\onelabhub\5\5\5.cpp(130,20): warning C4267: инициализация: преобразование из "size_t" в "int"; возможна потеря данных
